<?xml version="1.0" encoding="UTF-8"?>
<!-- Generated by org.testng.reporters.JUnitXMLReporter -->
<testsuite hostname="LAPTOP-RPHCVH4A" ignored="0" name=" SDFC App Test Cases" tests="5" failures="0" timestamp="2020-08-08T18:42:48 MDT" time="65.866" errors="0">
  <testcase name="LoginToSDFC" time="6.02" classname="com.sdfc.qa.testcases.LoginPageTest"/>
  <testcase name="ValidateUserName" time="0.034" classname="com.sdfc.qa.testcases.HomePageTest"/>
  <testcase name="VerifyDropDown" time="11.34" classname="com.sdfc.qa.testcases.HomePageTest"/>
  <testcase name="validateHomePageTitleTest" time="0.017" classname="com.sdfc.qa.testcases.HomePageTest"/>
  <testcase name="Select_Display_Layout" time="1.74" classname="com.sdfc.qa.testcases.SettingPageTest"/>
</testsuite> <!--  SDFC App Test Cases -->
