<?xml version="1.0" encoding="UTF-8"?>
<!-- Generated by org.testng.reporters.JUnitXMLReporter -->
<testsuite hostname="LAPTOP-RPHCVH4A" ignored="0" name="Default test" tests="3" failures="0" timestamp="2020-08-31T08:54:37 MDT" time="28.512" errors="0">
  <testcase name="ValidateUserName" time="0.207" classname="com.sdfc.qa.testcases.HomePageTest"/>
  <testcase name="VerifyDropDown" time="10.197" classname="com.sdfc.qa.testcases.HomePageTest"/>
  <testcase name="validateHomePageTitleTest" time="0.072" classname="com.sdfc.qa.testcases.HomePageTest"/>
</testsuite> <!-- Default test -->
