<?xml version="1.0" encoding="UTF-8"?>
<testng-results skipped="0" failed="1" ignored="0" total="1" passed="0">
  <reporter-output>
  </reporter-output>
  <suite name="Suite" duration-ms="27363" started-at="2020-08-28T09:56:46 MDT" finished-at="2020-08-28T09:57:14 MDT">
    <groups>
    </groups>
    <test name="Test" duration-ms="27363" started-at="2020-08-28T09:56:46 MDT" finished-at="2020-08-28T09:57:14 MDT">
      <class name="com.sdfc.qa.testcases.SettingPageTest">
        <test-method status="PASS" signature="SetUp()[pri:0, instance:com.sdfc.qa.testcases.SettingPageTest@2a17b7b6]" name="SetUp" is-config="true" duration-ms="15136" started-at="2020-08-28T09:56:46 MDT" finished-at="2020-08-28T09:57:02 MDT">
          <reporter-output>
          </reporter-output>
        </test-method> <!-- SetUp -->
        <test-method status="FAIL" signature="Select_Display_Layout()[pri:0, instance:com.sdfc.qa.testcases.SettingPageTest@2a17b7b6]" name="Select_Display_Layout" duration-ms="11352" started-at="2020-08-28T09:57:02 MDT" finished-at="2020-08-28T09:57:13 MDT">
          <exception class="org.openqa.selenium.NoSuchElementException">
            <message>
              <![CDATA[Cannot locate option with text: Campaigns
For documentation on this error, please visit: https://selenium.dev/exceptions/#no_such_element
Build info: version: '4.0.0-alpha-6', revision: '5f43a29cfc'
System info: host: 'LAPTOP-RPHCVH4A', ip: '10.212.23.183', os.name: 'Windows 10', os.arch: 'amd64', os.version: '10.0', java.version: '1.8.0_231'
Driver info: driver.version: unknown]]>
            </message>
            <full-stacktrace>
              <![CDATA[org.openqa.selenium.NoSuchElementException: Cannot locate option with text: Campaigns
For documentation on this error, please visit: https://selenium.dev/exceptions/#no_such_element
Build info: version: '4.0.0-alpha-6', revision: '5f43a29cfc'
System info: host: 'LAPTOP-RPHCVH4A', ip: '10.212.23.183', os.name: 'Windows 10', os.arch: 'amd64', os.version: '10.0', java.version: '1.8.0_231'
Driver info: driver.version: unknown
at org.openqa.selenium.support.ui.Select.selectByVisibleText(Select.java:151)
at com.sdfc.qa.util.TestUtil.SelectElement(TestUtil.java:94)
at com.sdfc.qa.pages.SettingPage.DisplayLayout(SettingPage.java:38)
at com.sdfc.qa.testcases.SettingPageTest.Select_Display_Layout(SettingPageTest.java:61)
at sun.reflect.NativeMethodAccessorImpl.invoke0(Native Method)
at sun.reflect.NativeMethodAccessorImpl.invoke(NativeMethodAccessorImpl.java:62)
at sun.reflect.DelegatingMethodAccessorImpl.invoke(DelegatingMethodAccessorImpl.java:43)
at java.lang.reflect.Method.invoke(Method.java:498)
at org.testng.internal.MethodInvocationHelper.invokeMethod(MethodInvocationHelper.java:132)
at org.testng.internal.TestInvoker.invokeMethod(TestInvoker.java:599)
at org.testng.internal.TestInvoker.invokeTestMethod(TestInvoker.java:174)
at org.testng.internal.MethodRunner.runInSequence(MethodRunner.java:46)
at org.testng.internal.TestInvoker$MethodInvocationAgent.invoke(TestInvoker.java:822)
at org.testng.internal.TestInvoker.invokeTestMethods(TestInvoker.java:147)
at org.testng.internal.TestMethodWorker.invokeTestMethods(TestMethodWorker.java:146)
at org.testng.internal.TestMethodWorker.run(TestMethodWorker.java:128)
at java.util.concurrent.ThreadPoolExecutor.runWorker(ThreadPoolExecutor.java:1149)
at java.util.concurrent.ThreadPoolExecutor$Worker.run(ThreadPoolExecutor.java:624)
at java.lang.Thread.run(Thread.java:748)
]]>
            </full-stacktrace>
          </exception> <!-- org.openqa.selenium.NoSuchElementException -->
          <reporter-output>
          </reporter-output>
        </test-method> <!-- Select_Display_Layout -->
        <test-method status="PASS" signature="TearDown()[pri:0, instance:com.sdfc.qa.testcases.SettingPageTest@2a17b7b6]" name="TearDown" is-config="true" duration-ms="840" started-at="2020-08-28T09:57:13 MDT" finished-at="2020-08-28T09:57:14 MDT">
          <reporter-output>
          </reporter-output>
        </test-method> <!-- TearDown -->
      </class> <!-- com.sdfc.qa.testcases.SettingPageTest -->
    </test> <!-- Test -->
  </suite> <!-- Suite -->
</testng-results>
