<?xml version="1.0" encoding="UTF-8"?>
<testsuite xmlns:xsi="http://www.w3.org/2001/XMLSchema-instance" xsi:noNamespaceSchemaLocation="https://maven.apache.org/surefire/maven-surefire-plugin/xsd/surefire-test-report-3.0.xsd" version="3.0" name="TestSuite" time="18.679" tests="1" errors="0" skipped="0" failures="0">
  <properties>
[...]
</properties>
  <testcase name="LoginToSDFC" classname="com.sdfc.qa.testcases.LoginPageTest" time="4.574">
    <system-out><![CDATA[This is onStart method C:\Users\calci\eclipse-workspace\SFDC\target\surefire-reports\SDFC Application Test Suite
This is onStart method C:\Users\calci\eclipse-workspace\SFDC\target\surefire-reports\SDFC Application Test Suite
Salesforce: We Bring Companies and Customers Together
the element [[FirefoxDriver: firefox on WINDOWS (b36f337f-8624-4da4-88f4-ba80c3bb9b6d)] -> xpath: //div[@class='dropdown']] is it displayed :true
New Test Started LoginToSDFC
New Test Started LoginToSDFC
Test Successfully FinishedLoginToSDFC
]]></system-out>
    <system-err><![CDATA[SLF4J: Failed to load class "org.slf4j.impl.StaticLoggerBinder".
SLF4J: Defaulting to no-operation (NOP) logger implementation
SLF4J: See http://www.slf4j.org/codes.html#StaticLoggerBinder for further details.
1598887896634	mozrunner::runner	INFO	Running command: "C:\\Program Files\\Mozilla Firefox\\firefox.exe" "-marionette" "-foreground" "-no-remote" "-profile" "C:\\Users\\calci\\AppData\\Local\\Temp\\rust_mozprofile247NkF"
JavaScript error: resource://gre/modules/XULStore.jsm, line 66: Error: Can't find profile directory.
console.error: SearchCache: "_readCacheFile: Error reading cache file:" (new Error("", "(unknown module)"))
1598887900887	Marionette	INFO	Listening on port 55488
1598887900903	Marionette	WARN	TLS certificate errors will be ignored for this session
Aug 31, 2020 9:31:40 AM org.openqa.selenium.remote.ProtocolHandshake createSession
INFO: Detected dialect: W3C
console.error: Region.jsm: "Error fetching region" (new AbortError("The operation was aborted. ", (void 0), 636))
console.error: Region.jsm: "Failed to fetch region" (new Error("NO_RESULT", "resource://gre/modules/Region.jsm", 343))
]]></system-err>
  </testcase>
</testsuite>