<?xml version="1.0" encoding="UTF-8"?>
<testng-results skipped="0" failed="0" ignored="0" total="1" passed="1">
  <reporter-output>
  </reporter-output>
  <suite name="SDFC Application Test Suite" duration-ms="24405" started-at="2020-09-02T12:04:41 MDT" finished-at="2020-09-02T12:05:05 MDT">
    <groups>
    </groups>
    <test name=" SDFC App Test Cases" duration-ms="24405" started-at="2020-09-02T12:04:41 MDT" finished-at="2020-09-02T12:05:05 MDT">
      <class name="com.sdfc.qa.testcases.LoginPageTest">
        <test-method status="PASS" signature="INIT()[pri:0, instance:com.sdfc.qa.testcases.LoginPageTest@57855c9a]" name="INIT" is-config="true" duration-ms="17513" started-at="2020-09-02T12:04:41 MDT" finished-at="2020-09-02T12:04:59 MDT">
          <reporter-output>
          </reporter-output>
        </test-method> <!-- INIT -->
        <test-method status="PASS" signature="LoginToSDFC()[pri:0, instance:com.sdfc.qa.testcases.LoginPageTest@57855c9a]" name="LoginToSDFC" duration-ms="4559" started-at="2020-09-02T12:04:59 MDT" finished-at="2020-09-02T12:05:03 MDT">
          <reporter-output>
          </reporter-output>
        </test-method> <!-- LoginToSDFC -->
        <test-method status="PASS" signature="TearDown()[pri:0, instance:com.sdfc.qa.testcases.LoginPageTest@57855c9a]" name="TearDown" is-config="true" duration-ms="1943" started-at="2020-09-02T12:05:03 MDT" finished-at="2020-09-02T12:05:05 MDT">
          <reporter-output>
          </reporter-output>
        </test-method> <!-- TearDown -->
      </class> <!-- com.sdfc.qa.testcases.LoginPageTest -->
    </test> <!--  SDFC App Test Cases -->
  </suite> <!-- SDFC Application Test Suite -->
</testng-results>
